<?xml version="1.0" encoding="UTF-8"?>
<testng-results total="1" passed="1" failed="0" skipped="0">
  <reporter-output>
  </reporter-output>
  <suite started-at="2021-02-08T00:57:34Z" name="Default suite" finished-at="2021-02-08T00:57:54Z" duration-ms="19679">
    <groups>
    </groups>
    <test started-at="2021-02-08T00:57:34Z" name="Default test" finished-at="2021-02-08T00:57:54Z" duration-ms="19679">
      <class name="task.plista.testcases.TestcaseSceenario3$TestCaseScenario2">
        <test-method is-config="true" signature="testSetUp()[pri:0, instance:task.plista.testcases.TestcaseSceenario3$TestCaseScenario2@2f67a4d3]" started-at="2021-02-08T01:57:34Z" name="testSetUp" finished-at="2021-02-08T01:57:40Z" duration-ms="5677" status="PASS">
          <reporter-output>
          </reporter-output>
        </test-method> <!-- testSetUp -->
        <test-method signature="automationTask()[pri:0, instance:task.plista.testcases.TestcaseSceenario3$TestCaseScenario2@2f67a4d3]" started-at="2021-02-08T01:57:40Z" name="automationTask" finished-at="2021-02-08T01:57:53Z" duration-ms="13247" status="PASS">
          <reporter-output>
          </reporter-output>
        </test-method> <!-- automationTask -->
        <test-method is-config="true" signature="tearDown()[pri:0, instance:task.plista.testcases.TestcaseSceenario3$TestCaseScenario2@2f67a4d3]" started-at="2021-02-08T01:57:53Z" name="tearDown" finished-at="2021-02-08T01:57:54Z" duration-ms="738" status="PASS">
          <reporter-output>
          </reporter-output>
        </test-method> <!-- tearDown -->
      </class> <!-- task.plista.testcases.TestcaseSceenario3$TestCaseScenario2 -->
    </test> <!-- Default test -->
  </suite> <!-- Default suite -->
</testng-results>
